DESCRIBE TABLE supplier

                                Data type                     Column
Column name                     schema    Data type name      Length     Scale Nulls
------------------------------- --------- ------------------- ---------- ----- ------
S_SUPPKEY                       SYSIBM    INTEGER                      4     0 Yes   
S_NAME                          SYSIBM    CHARACTER                   25     0 Yes   
S_ADDRESS                       SYSIBM    VARCHAR                     40     0 Yes   
S_NATIONKEY                     SYSIBM    INTEGER                      4     0 Yes   
S_PHONE                         SYSIBM    CHARACTER                   15     0 Yes   
S_ACCTBAL                       SYSIBM    REAL                         4     0 Yes   
S_COMMENT                       SYSIBM    VARCHAR                    101     0 Yes   

  7 record(s) selected.


DESCRIBE TABLE part

                                Data type                     Column
Column name                     schema    Data type name      Length     Scale Nulls
------------------------------- --------- ------------------- ---------- ----- ------
P_PARTKEY                       SYSIBM    INTEGER                      4     0 Yes   
P_NAME                          SYSIBM    VARCHAR                     55     0 Yes   
P_MFGR                          SYSIBM    CHARACTER                   25     0 Yes   
P_BRAND                         SYSIBM    CHARACTER                   10     0 Yes   
P_TYPE                          SYSIBM    VARCHAR                     25     0 Yes   
P_SIZE                          SYSIBM    INTEGER                      4     0 Yes   
P_CONTAINER                     SYSIBM    CHARACTER                   10     0 Yes   
P_RETAILPRICE                   SYSIBM    REAL                         4     0 Yes   
P_COMMENT                       SYSIBM    VARCHAR                     23     0 Yes   

  9 record(s) selected.


DESCRIBE TABLE partsupp

                                Data type                     Column
Column name                     schema    Data type name      Length     Scale Nulls
------------------------------- --------- ------------------- ---------- ----- ------
PS_PARTKEY                      SYSIBM    INTEGER                      4     0 Yes   
PS_SUPPKEY                      SYSIBM    INTEGER                      4     0 Yes   
PS_AVAILQTY                     SYSIBM    INTEGER                      4     0 Yes   
PS_SUPPLYCOST                   SYSIBM    REAL                         4     0 Yes   
PS_COMMENT                      SYSIBM    VARCHAR                    199     0 Yes   

  5 record(s) selected.


DESCRIBE TABLE customer

                                Data type                     Column
Column name                     schema    Data type name      Length     Scale Nulls
------------------------------- --------- ------------------- ---------- ----- ------
C_CUSTKEY                       SYSIBM    INTEGER                      4     0 Yes   
C_NAME                          SYSIBM    VARCHAR                     25     0 Yes   
C_ADDRESS                       SYSIBM    VARCHAR                     40     0 Yes   
C_NATIONKEY                     SYSIBM    INTEGER                      4     0 Yes   
C_PHONE                         SYSIBM    CHARACTER                   15     0 Yes   
C_ACCTBAL                       SYSIBM    REAL                         4     0 Yes   
C_MKTSEGMENT                    SYSIBM    CHARACTER                   10     0 Yes   
C_COMMENT                       SYSIBM    VARCHAR                    117     0 Yes   

  8 record(s) selected.


DESCRIBE TABLE orders

                                Data type                     Column
Column name                     schema    Data type name      Length     Scale Nulls
------------------------------- --------- ------------------- ---------- ----- ------
O_ORDERKEY                      SYSIBM    INTEGER                      4     0 Yes   
O_CUSTKEY                       SYSIBM    INTEGER                      4     0 Yes   
O_ORDERSTATUS                   SYSIBM    CHARACTER                    1     0 Yes   
O_TOTALPRICE                    SYSIBM    REAL                         4     0 Yes   
O_ORDERDATE                     SYSIBM    DATE                         4     0 Yes   
O_ORDERPRIORITY                 SYSIBM    CHARACTER                   15     0 Yes   
O_CLERK                         SYSIBM    CHARACTER                   15     0 Yes   
O_SHIPPRIORITY                  SYSIBM    INTEGER                      4     0 Yes   
O_COMMENT                       SYSIBM    VARCHAR                     79     0 Yes   

  9 record(s) selected.


DESCRIBE TABLE lineitem

                                Data type                     Column
Column name                     schema    Data type name      Length     Scale Nulls
------------------------------- --------- ------------------- ---------- ----- ------
L_ORDERKEY                      SYSIBM    INTEGER                      4     0 Yes   
L_PARTKEY                       SYSIBM    INTEGER                      4     0 Yes   
L_SUPPKEY                       SYSIBM    INTEGER                      4     0 Yes   
L_LINENUMBER                    SYSIBM    INTEGER                      4     0 Yes   
L_QUANTITY                      SYSIBM    REAL                         4     0 Yes   
L_EXTENDEDPRICE                 SYSIBM    REAL                         4     0 Yes   
L_DISCOUNT                      SYSIBM    REAL                         4     0 Yes   
L_TAX                           SYSIBM    REAL                         4     0 Yes   
L_RETURNFLAG                    SYSIBM    CHARACTER                    1     0 Yes   
L_LINESTATUS                    SYSIBM    CHARACTER                    1     0 Yes   
L_SHIPDATE                      SYSIBM    DATE                         4     0 Yes   
L_COMMITDATE                    SYSIBM    DATE                         4     0 Yes   
L_RECEIPTDATE                   SYSIBM    DATE                         4     0 Yes   
L_SHIPINSTRUCT                  SYSIBM    CHARACTER                   25     0 Yes   
L_SHIPMODE                      SYSIBM    CHARACTER                   10     0 Yes   
L_COMMENT                       SYSIBM    VARCHAR                     44     0 Yes   

  16 record(s) selected.


DESCRIBE TABLE nation

                                Data type                     Column
Column name                     schema    Data type name      Length     Scale Nulls
------------------------------- --------- ------------------- ---------- ----- ------
N_NATIONKEY                     SYSIBM    INTEGER                      4     0 Yes   
N_NAME                          SYSIBM    CHARACTER                   25     0 Yes   
N_REGIONKEY                     SYSIBM    INTEGER                      4     0 Yes   
N_COMMENT                       SYSIBM    VARCHAR                    152     0 Yes   

  4 record(s) selected.


DESCRIBE TABLE region

                                Data type                     Column
Column name                     schema    Data type name      Length     Scale Nulls
------------------------------- --------- ------------------- ---------- ----- ------
R_REGIONKEY                     SYSIBM    INTEGER                      4     0 Yes   
R_NAME                          SYSIBM    CHARACTER                   25     0 Yes   
R_COMMENT                       SYSIBM    VARCHAR                    152     0 Yes   

  3 record(s) selected.


SELECT varchar(tabschema,16) tabschema, varchar(tabname,16) tabname, tableorg FROM syscat.tables WHERE tabschema = 'DB2INST1' ORDER BY tabschema,tabname

TABSCHEMA        TABNAME          TABLEORG
---------------- ---------------- --------
DB2INST1         ADVISE_INDEX     R       
SQL0445W  Value "EXPLAIN_DIAGNOSTIC_DATA" has been truncated.  SQLSTATE=01004

DB2INST1         ADVISE_INSTANCE  R       
DB2INST1         ADVISE_MQT       R       
DB2INST1         ADVISE_PARTITION R       
DB2INST1         ADVISE_TABLE     R       
DB2INST1         ADVISE_WORKLOAD  R       
DB2INST1         CUSTOMER         C       
DB2INST1         EXPLAIN_ACTUALS  R       
DB2INST1         EXPLAIN_ARGUMENT R       
DB2INST1         EXPLAIN_DIAGNOST R       
DB2INST1         EXPLAIN_DIAGNOST R       
DB2INST1         EXPLAIN_INSTANCE R       
DB2INST1         EXPLAIN_OBJECT   R       
DB2INST1         EXPLAIN_OPERATOR R       
DB2INST1         EXPLAIN_PREDICAT R       
DB2INST1         EXPLAIN_STATEMEN R       
DB2INST1         EXPLAIN_STREAM   R       
DB2INST1         LINEITEM         C       
DB2INST1         NATION           C       
DB2INST1         OBJECT_METRICS   R       
DB2INST1         ORDERS           C       
DB2INST1         PART             C       
DB2INST1         PARTSUPP         C       
DB2INST1         REGION           C       
DB2INST1         SUPPLIER         C       

  25 record(s) selected with 1 warning messages printed.


SELECT varchar(tabname,16) tabname, data_object_p_size, index_object_p_size, col_object_p_size, data_object_p_size + index_object_p_size + col_object_p_size allsize FROM sysibmadm.admintabinfo WHERE tabschema = 'DB2INST1' ORDER BY tabname

TABNAME          DATA_OBJECT_P_SIZE   INDEX_OBJECT_P_SIZE  COL_OBJECT_P_SIZE    ALLSIZE             
---------------- -------------------- -------------------- -------------------- --------------------
ADVISE_INDEX                      256                  384                    0                  640
SQL0445W  Value "EXPLAIN_STATEMENT" has been truncated.  SQLSTATE=01004

ADVISE_INSTANCE                   256                  256                    0                  512
ADVISE_MQT                        256                  384                    0                  640
ADVISE_PARTITION                  256                  256                    0                  512
ADVISE_TABLE                      256                    0                    0                  256
ADVISE_WORKLOAD                   256                    0                    0                  256
CUSTOMER                          256                 1664              2168064              2169984
EXPLAIN_ACTUALS                   256                    0                    0                  256
EXPLAIN_ARGUMENT                  384                  256                    0                  640
EXPLAIN_DIAGNOST                  256                  256                    0                  512
EXPLAIN_DIAGNOST                  256                  256                    0                  512
EXPLAIN_INSTANCE                  256                  256                    0                  512
EXPLAIN_OBJECT                    256                  256                    0                  512
EXPLAIN_OPERATOR                  256                  256                    0                  512
EXPLAIN_PREDICAT                  256                  256                    0                  512
EXPLAIN_STATEMEN                  256                  384                    0                  640
EXPLAIN_STREAM                    256                  256                    0                  512
LINEITEM                         3328                14720             24658432             24676480
NATION                            256                  256                  896                 1408
OBJECT_METRICS                    256                  256                    0                  512
ORDERS                           3072                 6016              9564288              9573376
PART                             2432                 1024               949760               953216
PARTSUPP                          640                 6656             10700800             10708096
REGION                            256                  256                  768                 1280
SUPPLIER                          640                  512               139520               140672

  25 record(s) selected with 1 warning messages printed.


