/home/dd.out
100000+0 records in
100000+0 records out
819200000 bytes (819 MB) copied, 0.602402 s, 1.4 GB/s
100000+0 records in
100000+0 records out
819200000 bytes (819 MB) copied, 4.54596 s, 180 MB/s
100000+0 records in
100000+0 records out
819200000 bytes (819 MB) copied, 4.67757 s, 175 MB/s
/var/tmp/dd.out
100000+0 records in
100000+0 records out
819200000 bytes (819 MB) copied, 0.610397 s, 1.3 GB/s
100000+0 records in
100000+0 records out
819200000 bytes (819 MB) copied, 4.46057 s, 184 MB/s
100000+0 records in
100000+0 records out
819200000 bytes (819 MB) copied, 4.46326 s, 184 MB/s
/disk/disk2/dd.out
100000+0 records in
100000+0 records out
819200000 bytes (819 MB) copied, 0.604551 s, 1.4 GB/s
100000+0 records in
100000+0 records out
819200000 bytes (819 MB) copied, 4.72199 s, 173 MB/s
100000+0 records in
100000+0 records out
819200000 bytes (819 MB) copied, 4.90221 s, 167 MB/s
/disk/disk3/dd.out
100000+0 records in
100000+0 records out
819200000 bytes (819 MB) copied, 0.60512 s, 1.4 GB/s
100000+0 records in
100000+0 records out
819200000 bytes (819 MB) copied, 4.8354 s, 169 MB/s
100000+0 records in
100000+0 records out
819200000 bytes (819 MB) copied, 4.86227 s, 168 MB/s
/disk/disk4/dd.out
100000+0 records in
100000+0 records out
819200000 bytes (819 MB) copied, 0.612672 s, 1.3 GB/s
100000+0 records in
100000+0 records out
819200000 bytes (819 MB) copied, 4.75431 s, 172 MB/s
100000+0 records in
100000+0 records out
819200000 bytes (819 MB) copied, 4.81143 s, 170 MB/s
